[debug] [2021-10-22T03:39:07.531Z] ----------------------------------------------------------------------
[debug] [2021-10-22T03:39:07.532Z] Command:       /usr/local/bin/node /usr/local/bin/firebase init
[debug] [2021-10-22T03:39:07.532Z] CLI Version:   9.20.0
[debug] [2021-10-22T03:39:07.533Z] Platform:      darwin
[debug] [2021-10-22T03:39:07.533Z] Node Version:  v15.10.0
[debug] [2021-10-22T03:39:07.534Z] Time:          Thu Oct 21 2021 22:39:07 GMT-0500 (Central Daylight Time)
[debug] [2021-10-22T03:39:07.534Z] ----------------------------------------------------------------------
[debug] 
[debug] [2021-10-22T03:39:07.537Z] >>> [apiv2][query] GET https://firebase-public.firebaseio.com/cli.json [none]
[debug] [2021-10-22T03:39:07.559Z] > command requires scopes: ["email","openid","https://www.googleapis.com/auth/cloudplatformprojects.readonly","https://www.googleapis.com/auth/firebase","https://www.googleapis.com/auth/cloud-platform"]
[debug] [2021-10-22T03:39:07.559Z] > authorizing via signed-in user (psides.sunsouth@gmail.com)
[info] 
     ######## #### ########  ######## ########     ###     ######  ########
     ##        ##  ##     ## ##       ##     ##  ##   ##  ##       ##
     ######    ##  ########  ######   ########  #########  ######  ######
     ##        ##  ##    ##  ##       ##     ## ##     ##       ## ##
     ##       #### ##     ## ######## ########  ##     ##  ######  ########

You're about to initialize a Firebase project in this directory:

  /Users/Payton/Library/Mobile Documents/com~apple~CloudDocs/Web Apps/sunsouth-web-solutions

[debug] [2021-10-22T03:39:07.744Z] <<< [apiv2][status] GET https://firebase-public.firebaseio.com/cli.json 200
[debug] [2021-10-22T03:39:07.745Z] <<< [apiv2][body] GET https://firebase-public.firebaseio.com/cli.json {"cloudBuildErrorAfter":1594252800000,"cloudBuildWarnAfter":1590019200000,"defaultNode10After":1594252800000,"minVersion":"3.0.5","node8DeploysDisabledAfter":1613390400000,"node8RuntimeDisabledAfter":1615809600000,"node8WarnAfter":1600128000000}
